<?xml version="1.0" encoding="UTF-8"?>
<testsuite xmlns:xsi="http://www.w3.org/2001/XMLSchema-instance" xsi:noNamespaceSchemaLocation="https://maven.apache.org/surefire/maven-surefire-plugin/xsd/surefire-test-report-3.0.xsd" version="3.0" name="com.example.test.services.AnimalServiceTest" time="0.009" tests="6" errors="0" skipped="6" failures="0">
  <properties/>
  <testcase name="testGetCount" classname="com.example.test.services.AnimalServiceTest" time="0">
    <skipped message="class com.example.test.services.AnimalServiceTest is @Disabled"/>
  </testcase>
  <testcase name="testFindIdAnimal" classname="com.example.test.services.AnimalServiceTest" time="0">
    <skipped message="class com.example.test.services.AnimalServiceTest is @Disabled"/>
  </testcase>
  <testcase name="testAddAnimal" classname="com.example.test.services.AnimalServiceTest" time="0">
    <skipped message="class com.example.test.services.AnimalServiceTest is @Disabled"/>
  </testcase>
  <testcase name="testModyAnimal" classname="com.example.test.services.AnimalServiceTest" time="0">
    <skipped message="class com.example.test.services.AnimalServiceTest is @Disabled"/>
  </testcase>
  <testcase name="testGetAll" classname="com.example.test.services.AnimalServiceTest" time="0">
    <skipped message="class com.example.test.services.AnimalServiceTest is @Disabled"/>
  </testcase>
  <testcase name="testDeleteAnimalByID" classname="com.example.test.services.AnimalServiceTest" time="0">
    <skipped message="class com.example.test.services.AnimalServiceTest is @Disabled"/>
  </testcase>
</testsuite>