<?xml version="1.0" encoding="UTF-8"?>
<testsuite xmlns:xsi="http://www.w3.org/2001/XMLSchema-instance" xsi:noNamespaceSchemaLocation="https://maven.apache.org/surefire/maven-surefire-plugin/xsd/surefire-test-report-3.0.xsd" version="3.0" name="com.example.test.services.TestAnimalService" time="0.001" tests="3" errors="0" skipped="3" failures="0">
  <properties/>
  <testcase name="testCount" classname="com.example.test.services.TestAnimalService" time="0">
    <skipped message="class com.example.test.services.TestAnimalService is @Disabled"/>
  </testcase>
  <testcase name="testFindById" classname="com.example.test.services.TestAnimalService" time="0">
    <skipped message="class com.example.test.services.TestAnimalService is @Disabled"/>
  </testcase>
  <testcase name="testGetAll" classname="com.example.test.services.TestAnimalService" time="0">
    <skipped message="class com.example.test.services.TestAnimalService is @Disabled"/>
  </testcase>
</testsuite>