<?xml version="1.0" encoding="UTF-8"?>
<testsuite xmlns:xsi="http://www.w3.org/2001/XMLSchema-instance" xsi:noNamespaceSchemaLocation="https://maven.apache.org/surefire/maven-surefire-plugin/xsd/surefire-test-report-3.0.xsd" version="3.0" name="com.example.test.services.TestPersonService" time="0.001" tests="4" errors="0" skipped="4" failures="0">
  <properties/>
  <testcase name="testFindAll" classname="com.example.test.services.TestPersonService" time="0">
    <skipped message="class com.example.test.services.TestPersonService is @Disabled"/>
  </testcase>
  <testcase name="testFindAllTwo" classname="com.example.test.services.TestPersonService" time="0">
    <skipped message="class com.example.test.services.TestPersonService is @Disabled"/>
  </testcase>
  <testcase name="testFindById" classname="com.example.test.services.TestPersonService" time="0">
    <skipped message="class com.example.test.services.TestPersonService is @Disabled"/>
  </testcase>
  <testcase name="testDeletePerson" classname="com.example.test.services.TestPersonService" time="0">
    <skipped message="class com.example.test.services.TestPersonService is @Disabled"/>
  </testcase>
</testsuite>